<?xml version="1.0" encoding="UTF-8"?>
<testsuites name="TS1001SeachByKeyword" time="22.476" tests="3" failures="0" errors="0">
   <testsuite name="TS1001SeachByKeyword" tests="3" failures="0" errors="0" time="22.476" skipped="0" timestamp="2565-12-16 12:25:13" hostname="Administrator - 10.53.16.222" id="Test Suites/TS1001SeachByKeyword">
      <properties>
         <property name="deviceName" value=""/>
         <property name="devicePlatform" value=""/>
         <property name="logFolder" value="C:\\Users\\Administrator\\Katalon Studio\\TestingMethod2\\Reports\\25651216_122507\\TS1001SeachByKeyword\\25651216_122507"/>
         <property name="logFiles" value="C:\\Users\\Administrator\\Katalon Studio\\TestingMethod2\\Reports\\25651216_122507\\TS1001SeachByKeyword\\25651216_122507\\execution0.log"/>
         <property name="attachments" value=""/>
         <property name="hostName" value="Administrator - 10.53.16.222"/>
         <property name="os" value="Windows 10 64bit"/>
         <property name="katalonVersion" value="8.5.5.208"/>
         <property name="browser" value="Chrome 108.0.0.0"/>
         <property name="hostAddress" value="10.53.16.222"/>
         <property name="sessionId" value="add698de6a61eb0cd65ae651208f968a"/>
         <property name="seleniumVersion" value="3.141.59"/>
         <property name="proxyInformation" value="ProxyInformation { proxyOption=NO_PROXY, proxyServerType=HTTP, username=, password=********, proxyServerAddress=, proxyServerPort=0, executionList=&quot;&quot;, isApplyToDesiredCapabilities=true }"/>
         <property name="platform" value="Windows 10"/>
      </properties>
      <testcase name="Test Cases/TC1001SearchByKeyword" time="9.116" classname="Test Cases/TC1001SearchByKeyword" status="PASSED">
         <system-out><![CDATA[2565-12-16 12:25:13 - [TEST_CASE][PASSED] - Test Cases/TC1001SearchByKeyword: Test Cases/TC1001SearchByKeyword

2565-12-16 12:25:13 - [TEST_STEP][PASSED] - openBrowser(""): Browser is opened with url: ''

2565-12-16 12:25:13 - [MESSAGE][INFO] - Starting 'Chrome' driver

2565-12-16 12:25:13 - [MESSAGE][INFO] - Action delay is set to 0 milliseconds

2565-12-16 12:25:15 - [MESSAGE][PASSED] - Browser is opened with url: ''

2565-12-16 12:25:15 - [TEST_STEP][PASSED] - navigateToUrl("https://www.google.com"): Navigate to 'https://www.google.com' successfully

2565-12-16 12:25:16 - [MESSAGE][PASSED] - Navigate to 'https://www.google.com' successfully

2565-12-16 12:25:16 - [TEST_STEP][PASSED] - setText(findTestObject("Page_Google/input__q"), "npru"): Text 'npru' is set on object 'Object Repository/Page_Google/input__q'

2565-12-16 12:25:17 - [MESSAGE][PASSED] - Text 'npru' is set on object 'Object Repository/Page_Google/input__q'

2565-12-16 12:25:17 - [TEST_STEP][PASSED] - click(findTestObject("Page_Google/input__btnK")): Object: 'Object Repository/Page_Google/input__btnK' is clicked on

2565-12-16 12:25:21 - [MESSAGE][PASSED] - Object: 'Object Repository/Page_Google/input__btnK' is clicked on

2565-12-16 12:25:21 - [TEST_STEP][PASSED] - verifyTextPresent("มหาวิทยาลัยราชภัฏนครปฐม", false): Text 'มหาวิทยาลัยราชภัฏนครปฐม' is present on page 

2565-12-16 12:25:21 - [MESSAGE][PASSED] - Text 'มหาวิทยาลัยราชภัฏนครปฐม' is present on page 

2565-12-16 12:25:21 - [TEST_STEP][PASSED] - closeBrowser(): Browser is closed

2565-12-16 12:25:22 - [MESSAGE][PASSED] - Browser is closed]]></system-out>
         <system-err><![CDATA[]]></system-err>
      </testcase>
      <testcase name="Test Cases/TC1002SearchByKeyword" time="6.522" classname="Test Cases/TC1002SearchByKeyword" status="PASSED">
         <system-out><![CDATA[2565-12-16 12:25:22 - [TEST_CASE][PASSED] - Test Cases/TC1002SearchByKeyword: Test Cases/TC1002SearchByKeyword

2565-12-16 12:25:22 - [TEST_STEP][PASSED] - openBrowser(""): Browser is opened with url: ''

2565-12-16 12:25:22 - [MESSAGE][INFO] - Starting 'Chrome' driver

2565-12-16 12:25:22 - [MESSAGE][INFO] - Action delay is set to 0 milliseconds

2565-12-16 12:25:23 - [MESSAGE][PASSED] - Browser is opened with url: ''

2565-12-16 12:25:23 - [TEST_STEP][PASSED] - navigateToUrl("https://www.google.com"): Navigate to 'https://www.google.com' successfully

2565-12-16 12:25:24 - [MESSAGE][PASSED] - Navigate to 'https://www.google.com' successfully

2565-12-16 12:25:24 - [TEST_STEP][PASSED] - setText(findTestObject("Page_Google/input__q"), "chankasem university"): Text 'chankasem university' is set on object 'Object Repository/Page_Google/input__q'

2565-12-16 12:25:25 - [MESSAGE][PASSED] - Text 'chankasem university' is set on object 'Object Repository/Page_Google/input__q'

2565-12-16 12:25:25 - [TEST_STEP][PASSED] - click(findTestObject("Page_Google/input__btnK")): Object: 'Object Repository/Page_Google/input__btnK' is clicked on

2565-12-16 12:25:27 - [MESSAGE][PASSED] - Object: 'Object Repository/Page_Google/input__btnK' is clicked on

2565-12-16 12:25:27 - [TEST_STEP][PASSED] - verifyTextPresent("มหาวิทยาลัยราชภัฏจันทรเกษม", false): Text 'มหาวิทยาลัยราชภัฏจันทรเกษม' is present on page 

2565-12-16 12:25:28 - [MESSAGE][PASSED] - Text 'มหาวิทยาลัยราชภัฏจันทรเกษม' is present on page 

2565-12-16 12:25:28 - [TEST_STEP][PASSED] - closeBrowser(): Browser is closed

2565-12-16 12:25:28 - [MESSAGE][PASSED] - Browser is closed]]></system-out>
         <system-err><![CDATA[]]></system-err>
      </testcase>
      <testcase name="Test Cases/TC1003SearchByKeyword" time="6.654" classname="Test Cases/TC1003SearchByKeyword" status="PASSED">
         <system-out><![CDATA[2565-12-16 12:25:28 - [TEST_CASE][PASSED] - Test Cases/TC1003SearchByKeyword: Test Cases/TC1003SearchByKeyword

2565-12-16 12:25:29 - [TEST_STEP][PASSED] - openBrowser(""): Browser is opened with url: ''

2565-12-16 12:25:29 - [MESSAGE][INFO] - Starting 'Chrome' driver

2565-12-16 12:25:29 - [MESSAGE][INFO] - Action delay is set to 0 milliseconds

2565-12-16 12:25:30 - [MESSAGE][PASSED] - Browser is opened with url: ''

2565-12-16 12:25:30 - [TEST_STEP][PASSED] - navigateToUrl("https://www.google.com"): Navigate to 'https://www.google.com' successfully

2565-12-16 12:25:31 - [MESSAGE][PASSED] - Navigate to 'https://www.google.com' successfully

2565-12-16 12:25:31 - [TEST_STEP][PASSED] - setText(findTestObject("Page_Google/input__q"), "npru"): Text 'npru' is set on object 'Object Repository/Page_Google/input__q'

2565-12-16 12:25:31 - [MESSAGE][PASSED] - Text 'npru' is set on object 'Object Repository/Page_Google/input__q'

2565-12-16 12:25:31 - [TEST_STEP][PASSED] - click(findTestObject("Page_Google/input__btnK")): Object: 'Object Repository/Page_Google/input__btnK' is clicked on

2565-12-16 12:25:34 - [MESSAGE][PASSED] - Object: 'Object Repository/Page_Google/input__btnK' is clicked on

2565-12-16 12:25:34 - [TEST_STEP][PASSED] - verifyTextPresent("มหาวิทยาลัยราชภัฏนครปฐม", false): Text 'มหาวิทยาลัยราชภัฏนครปฐม' is present on page 

2565-12-16 12:25:34 - [MESSAGE][PASSED] - Text 'มหาวิทยาลัยราชภัฏนครปฐม' is present on page 

2565-12-16 12:25:34 - [TEST_STEP][PASSED] - closeBrowser(): Browser is closed

2565-12-16 12:25:35 - [MESSAGE][PASSED] - Browser is closed]]></system-out>
         <system-err><![CDATA[]]></system-err>
      </testcase>
      <system-out><![CDATA[2565-12-16 12:25:13 - [TEST_SUITE][PASSED] - TS1001SeachByKeyword: Test Cases/TC1003SearchByKeyword]]></system-out>
      <system-err><![CDATA[]]></system-err>
   </testsuite>
</testsuites>
