<?xml version="1.0" encoding="UTF-8"?>
<testsuites name="TS1001SeachByKeyword" time="7.53" tests="1" failures="0" errors="0">
   <testsuite name="TS1001SeachByKeyword" tests="1" failures="0" errors="0" time="7.53" skipped="0" timestamp="2565-12-16 12:23:47" hostname="Administrator - 10.53.16.222" id="Test Suites/TS1001SeachByKeyword">
      <properties>
         <property name="deviceName" value=""/>
         <property name="devicePlatform" value=""/>
         <property name="logFolder" value="C:\\Users\\Administrator\\Katalon Studio\\TestingMethod2\\Reports\\25651216_122340\\TS1001SeachByKeyword\\25651216_122340"/>
         <property name="logFiles" value="C:\\Users\\Administrator\\Katalon Studio\\TestingMethod2\\Reports\\25651216_122340\\TS1001SeachByKeyword\\25651216_122340\\execution0.log"/>
         <property name="attachments" value=""/>
         <property name="hostName" value="Administrator - 10.53.16.222"/>
         <property name="os" value="Windows 10 64bit"/>
         <property name="katalonVersion" value="8.5.5.208"/>
         <property name="browser" value="Chrome 108.0.0.0"/>
         <property name="hostAddress" value="10.53.16.222"/>
         <property name="sessionId" value="beeb1a52231c94922b62d1b81907f01f"/>
         <property name="seleniumVersion" value="3.141.59"/>
         <property name="proxyInformation" value="ProxyInformation { proxyOption=NO_PROXY, proxyServerType=HTTP, username=, password=********, proxyServerAddress=, proxyServerPort=0, executionList=&quot;&quot;, isApplyToDesiredCapabilities=true }"/>
         <property name="platform" value="Windows 10"/>
      </properties>
      <testcase name="Test Cases/TC1001SearchByKeyword" time="7.352" classname="Test Cases/TC1001SearchByKeyword" status="PASSED">
         <system-out><![CDATA[2565-12-16 12:23:47 - [TEST_CASE][PASSED] - Test Cases/TC1001SearchByKeyword: Test Cases/TC1001SearchByKeyword

2565-12-16 12:23:47 - [TEST_STEP][PASSED] - openBrowser(""): Browser is opened with url: ''

2565-12-16 12:23:47 - [MESSAGE][INFO] - Starting 'Chrome' driver

2565-12-16 12:23:48 - [MESSAGE][INFO] - Action delay is set to 0 milliseconds

2565-12-16 12:23:49 - [MESSAGE][PASSED] - Browser is opened with url: ''

2565-12-16 12:23:49 - [TEST_STEP][PASSED] - navigateToUrl("https://www.google.com"): Navigate to 'https://www.google.com' successfully

2565-12-16 12:23:50 - [MESSAGE][PASSED] - Navigate to 'https://www.google.com' successfully

2565-12-16 12:23:50 - [TEST_STEP][PASSED] - setText(findTestObject("Page_Google/input__q"), "npru"): Text 'npru' is set on object 'Object Repository/Page_Google/input__q'

2565-12-16 12:23:51 - [MESSAGE][PASSED] - Text 'npru' is set on object 'Object Repository/Page_Google/input__q'

2565-12-16 12:23:51 - [TEST_STEP][PASSED] - click(findTestObject("Page_Google/input__btnK")): Object: 'Object Repository/Page_Google/input__btnK' is clicked on

2565-12-16 12:23:53 - [MESSAGE][PASSED] - Object: 'Object Repository/Page_Google/input__btnK' is clicked on

2565-12-16 12:23:53 - [TEST_STEP][PASSED] - verifyTextPresent("มหาวิทยาลัยราชภัฏนครปฐม", false): Text 'มหาวิทยาลัยราชภัฏนครปฐม' is present on page 

2565-12-16 12:23:54 - [MESSAGE][PASSED] - Text 'มหาวิทยาลัยราชภัฏนครปฐม' is present on page 

2565-12-16 12:23:54 - [TEST_STEP][PASSED] - closeBrowser(): Browser is closed

2565-12-16 12:23:54 - [MESSAGE][PASSED] - Browser is closed]]></system-out>
         <system-err><![CDATA[]]></system-err>
      </testcase>
      <system-out><![CDATA[2565-12-16 12:23:47 - [TEST_SUITE][PASSED] - TS1001SeachByKeyword: Test Cases/TC1001SearchByKeyword]]></system-out>
      <system-err><![CDATA[]]></system-err>
   </testsuite>
</testsuites>
